# JRE version: Java(TM) SE Runtime Environment (8.0_91-b14) (build 1.8.0_91-b14)
# Java VM: Java HotSpot(TM) 64-Bit Server VM (25.91-b14 mixed mode linux-amd64 compressed oops)
Heap:
 PSYoungGen      total 231936K, used 226125K [0x00000000eab00000, 0x0000000100000000, 0x0000000100000000)
  eden space 197632K, 100% used [0x00000000eab00000,0x00000000f6c00000,0x00000000f6c00000)
  from space 34304K, 83% used [0x00000000fde80000,0x00000000ffa53420,0x0000000100000000)
  to   space 75776K, 17% used [0x00000000f6c00000,0x00000000f78f6fb0,0x00000000fb600000)
 ParOldGen       total 205824K, used 115681K [0x00000000c0000000, 0x00000000cc900000, 0x00000000eab00000)
  object space 205824K, 56% used [0x00000000c0000000,0x00000000c70f85c0,0x00000000cc900000)
 Metaspace       used 6542K, capacity 7256K, committed 7424K, reserved 1056768K
  class space    used 615K, capacity 656K, committed 768K, reserved 1048576K
GC Heap History (10 events):
Event: 3.325 GC heap after
Heap after GC invocations=5 (full 0):
 PSYoungGen      total 161792K, used 6112K [0x00000000eab00000, 0x0000000100000000, 0x0000000100000000)
  eden space 155648K, 0% used [0x00000000eab00000,0x00000000eab00000,0x00000000f4300000)
  from space 6144K, 99% used [0x00000000f4300000,0x00000000f48f83f0,0x00000000f4900000)
  to   space 27648K, 0% used [0x00000000fe500000,0x00000000fe500000,0x0000000100000000)
 ParOldGen       total 102400K, used 31975K [0x00000000c0000000, 0x00000000c6400000, 0x00000000eab00000)
  object space 102400K, 31% used [0x00000000c0000000,0x00000000c1f39ed8,0x00000000c6400000)
 Metaspace       used 6156K, capacity 7064K, committed 7424K, reserved 1056768K
  class space    used 615K, capacity 656K, committed 768K, reserved 1048576K
}
Event: 4.222 GC heap before
{Heap before GC invocations=6 (full 0):
 PSYoungGen      total 161792K, used 161760K [0x00000000eab00000, 0x0000000100000000, 0x0000000100000000)
  eden space 155648K, 100% used [0x00000000eab00000,0x00000000f4300000,0x00000000f4300000)
  from space 6144K, 99% used [0x00000000f4300000,0x00000000f48f83f0,0x00000000f4900000)
  to   space 27648K, 0% used [0x00000000fe500000,0x00000000fe500000,0x0000000100000000)
 ParOldGen       total 102400K, used 31975K [0x00000000c0000000, 0x00000000c6400000, 0x00000000eab00000)
  object space 102400K, 31% used [0x00000000c0000000,0x00000000c1f39ed8,0x00000000c6400000)
 Metaspace       used 6338K, capacity 7192K, committed 7424K, reserved 1056768K
  class space    used 615K, capacity 656K, committed 768K, reserved 1048576K
Event: 4.271 GC heap after
Heap after GC invocations=6 (full 0):
 PSYoungGen      total 308224K, used 27447K [0x00000000eab00000, 0x0000000100000000, 0x0000000100000000)
  eden space 280576K, 0% used [0x00000000eab00000,0x00000000eab00000,0x00000000fbd00000)
  from space 27648K, 99% used [0x00000000fe500000,0x00000000fffcddb0,0x0000000100000000)
  to   space 34304K, 0% used [0x00000000fbd00000,0x00000000fbd00000,0x00000000fde80000)
 ParOldGen       total 102400K, used 31975K [0x00000000c0000000, 0x00000000c6400000, 0x00000000eab00000)
  object space 102400K, 31% used [0x00000000c0000000,0x00000000c1f39ed8,0x00000000c6400000)
 Metaspace       used 6338K, capacity 7192K, committed 7424K, reserved 1056768K
  class space    used 615K, capacity 656K, committed 768K, reserved 1048576K
}
Event: 5.479 GC heap before
{Heap before GC invocations=7 (full 0):
 PSYoungGen      total 308224K, used 308023K [0x00000000eab00000, 0x0000000100000000, 0x0000000100000000)
  eden space 280576K, 100% used [0x00000000eab00000,0x00000000fbd00000,0x00000000fbd00000)
  from space 27648K, 99% used [0x00000000fe500000,0x00000000fffcddb0,0x0000000100000000)
  to   space 34304K, 0% used [0x00000000fbd00000,0x00000000fbd00000,0x00000000fde80000)
 ParOldGen       total 102400K, used 31975K [0x00000000c0000000, 0x00000000c6400000, 0x00000000eab00000)
  object space 102400K, 31% used [0x00000000c0000000,0x00000000c1f39ed8,0x00000000c6400000)
 Metaspace       used 6462K, capacity 7256K, committed 7424K, reserved 1056768K
  class space    used 615K, capacity 656K, committed 768K, reserved 1048576K
Event: 5.604 GC heap after
Heap after GC invocations=7 (full 0):
 PSYoungGen      total 314880K, used 34294K [0x00000000eab00000, 0x0000000100000000, 0x0000000100000000)
  eden space 280576K, 0% used [0x00000000eab00000,0x00000000eab00000,0x00000000fbd00000)
  from space 34304K, 99% used [0x00000000fbd00000,0x00000000fde7d998,0x00000000fde80000)
  to   space 34304K, 0% used [0x00000000fde80000,0x00000000fde80000,0x0000000100000000)
 ParOldGen       total 102400K, used 62241K [0x00000000c0000000, 0x00000000c6400000, 0x00000000eab00000)
  object space 102400K, 60% used [0x00000000c0000000,0x00000000c3cc85f8,0x00000000c6400000)
 Metaspace       used 6462K, capacity 7256K, committed 7424K, reserved 1056768K
  class space    used 615K, capacity 656K, committed 768K, reserved 1048576K
}
Event: 6.883 GC heap before
{Heap before GC invocations=8 (full 0):
 PSYoungGen      total 314880K, used 314870K [0x00000000eab00000, 0x0000000100000000, 0x0000000100000000)
  eden space 280576K, 100% used [0x00000000eab00000,0x00000000fbd00000,0x00000000fbd00000)
  from space 34304K, 99% used [0x00000000fbd00000,0x00000000fde7d998,0x00000000fde80000)
  to   space 34304K, 0% used [0x00000000fde80000,0x00000000fde80000,0x0000000100000000)
 ParOldGen       total 102400K, used 62241K [0x00000000c0000000, 0x00000000c6400000, 0x00000000eab00000)
  object space 102400K, 60% used [0x00000000c0000000,0x00000000c3cc85f8,0x00000000c6400000)
 Metaspace       used 6517K, capacity 7256K, committed 7424K, reserved 1056768K
  class space    used 615K, capacity 656K, committed 768K, reserved 1048576K
Event: 7.049 GC heap after
Heap after GC invocations=8 (full 0):
 PSYoungGen      total 231936K, used 34291K [0x00000000eab00000, 0x0000000100000000, 0x0000000100000000)
  eden space 197632K, 0% used [0x00000000eab00000,0x00000000eab00000,0x00000000f6c00000)
  from space 34304K, 99% used [0x00000000fde80000,0x00000000ffffcd58,0x0000000100000000)
  to   space 75776K, 0% used [0x00000000f6c00000,0x00000000f6c00000,0x00000000fb600000)
 ParOldGen       total 102400K, used 101355K [0x00000000c0000000, 0x00000000c6400000, 0x00000000eab00000)
  object space 102400K, 98% used [0x00000000c0000000,0x00000000c62faea0,0x00000000c6400000)
 Metaspace       used 6517K, capacity 7256K, committed 7424K, reserved 1056768K
  class space    used 615K, capacity 656K, committed 768K, reserved 1048576K
}
Event: 7.049 GC heap before
{Heap before GC invocations=9 (full 1):
 PSYoungGen      total 231936K, used 34291K [0x00000000eab00000, 0x0000000100000000, 0x0000000100000000)
  eden space 197632K, 0% used [0x00000000eab00000,0x00000000eab00000,0x00000000f6c00000)
  from space 34304K, 99% used [0x00000000fde80000,0x00000000ffffcd58,0x0000000100000000)
  to   space 75776K, 0% used [0x00000000f6c00000,0x00000000f6c00000,0x00000000fb600000)
 ParOldGen       total 102400K, used 101355K [0x00000000c0000000, 0x00000000c6400000, 0x00000000eab00000)
  object space 102400K, 98% used [0x00000000c0000000,0x00000000c62faea0,0x00000000c6400000)
 Metaspace       used 6517K, capacity 7256K, committed 7424K, reserved 1056768K
  class space    used 615K, capacity 656K, committed 768K, reserved 1048576K
Event: 7.995 GC heap after
Heap after GC invocations=9 (full 1):
 PSYoungGen      total 231936K, used 28493K [0x00000000eab00000, 0x0000000100000000, 0x0000000100000000)
  eden space 197632K, 0% used [0x00000000eab00000,0x00000000eab00000,0x00000000f6c00000)
  from space 34304K, 83% used [0x00000000fde80000,0x00000000ffa53420,0x0000000100000000)
  to   space 75776K, 0% used [0x00000000f6c00000,0x00000000f6c00000,0x00000000fb600000)
 ParOldGen       total 205824K, used 102163K [0x00000000c0000000, 0x00000000cc900000, 0x00000000eab00000)
  object space 205824K, 49% used [0x00000000c0000000,0x00000000c63c4e68,0x00000000cc900000)
 Metaspace       used 6517K, capacity 7256K, committed 7424K, reserved 1056768K
  class space    used 615K, capacity 656K, committed 768K, reserved 1048576K
}
Event: 8.767 GC heap before
{Heap before GC invocations=10 (full 1):
 PSYoungGen      total 231936K, used 226125K [0x00000000eab00000, 0x0000000100000000, 0x0000000100000000)
  eden space 197632K, 100% used [0x00000000eab00000,0x00000000f6c00000,0x00000000f6c00000)
  from space 34304K, 83% used [0x00000000fde80000,0x00000000ffa53420,0x0000000100000000)
  to   space 75776K, 0% used [0x00000000f6c00000,0x00000000f6c00000,0x00000000fb600000)
 ParOldGen       total 205824K, used 102163K [0x00000000c0000000, 0x00000000cc900000, 0x00000000eab00000)
  object space 205824K, 49% used [0x00000000c0000000,0x00000000c63c4e68,0x00000000cc900000)
 Metaspace       used 6542K, capacity 7256K, committed 7424K, reserved 1056768K
  class space    used 615K, capacity 656K, committed 768K, reserved 1048576K

